# JRE version: Java(TM) SE Runtime Environment 18.9 (11.0.16+11) (build 11.0.16+11-LTS-199)
# Java VM: Java HotSpot(TM) 64-Bit Server VM 18.9 (11.0.16+11-LTS-199, mixed mode, tiered, compressed oops, g1 gc, windows-amd64)
Heap:
 garbage-first heap   total 157696K, used 40275K [0x0000000081600000, 0x0000000100000000)
  region size 1024K, 20 young (20480K), 6 survivors (6144K)
 Metaspace       used 66724K, capacity 68460K, committed 68608K, reserved 1110016K
  class space    used 8110K, capacity 8836K, committed 8960K, reserved 1048576K
GC Heap History (10 events):
Event: 11.848 GC heap before
{Heap before GC invocations=7 (full 0):
 garbage-first heap   total 131072K, used 74918K [0x0000000081600000, 0x0000000100000000)
  region size 1024K, 68 young (69632K), 6 survivors (6144K)
 Metaspace       used 35060K, capacity 35769K, committed 35840K, reserved 1081344K
  class space    used 4019K, capacity 4291K, committed 4352K, reserved 1048576K
}
Event: 11.866 GC heap after
{Heap after GC invocations=8 (full 0):
 garbage-first heap   total 131072K, used 14331K [0x0000000081600000, 0x0000000100000000)
  region size 1024K, 7 young (7168K), 7 survivors (7168K)
 Metaspace       used 35060K, capacity 35769K, committed 35840K, reserved 1081344K
  class space    used 4019K, capacity 4291K, committed 4352K, reserved 1048576K
}
Event: 23.610 GC heap before
{Heap before GC invocations=9 (full 0):
 garbage-first heap   total 131072K, used 84987K [0x0000000081600000, 0x0000000100000000)
  region size 1024K, 76 young (77824K), 7 survivors (7168K)
 Metaspace       used 44376K, capacity 45339K, committed 45440K, reserved 1089536K
  class space    used 5305K, capacity 5678K, committed 5760K, reserved 1048576K
}
Event: 23.633 GC heap after
{Heap after GC invocations=10 (full 0):
 garbage-first heap   total 157696K, used 17658K [0x0000000081600000, 0x0000000100000000)
  region size 1024K, 8 young (8192K), 8 survivors (8192K)
 Metaspace       used 44376K, capacity 45339K, committed 45440K, reserved 1089536K
  class space    used 5305K, capacity 5678K, committed 5760K, reserved 1048576K
}
Event: 33.036 GC heap before
{Heap before GC invocations=10 (full 0):
 garbage-first heap   total 157696K, used 103674K [0x0000000081600000, 0x0000000100000000)
  region size 1024K, 92 young (94208K), 8 survivors (8192K)
 Metaspace       used 55401K, capacity 56830K, committed 57088K, reserved 1099776K
  class space    used 6792K, capacity 7390K, committed 7424K, reserved 1048576K
}
Event: 33.057 GC heap after
{Heap after GC invocations=11 (full 0):
 garbage-first heap   total 157696K, used 22458K [0x0000000081600000, 0x0000000100000000)
  region size 1024K, 11 young (11264K), 11 survivors (11264K)
 Metaspace       used 55401K, capacity 56830K, committed 57088K, reserved 1099776K
  class space    used 6792K, capacity 7390K, committed 7424K, reserved 1048576K
}
Event: 36.906 GC heap before
{Heap before GC invocations=11 (full 0):
 garbage-first heap   total 157696K, used 48058K [0x0000000081600000, 0x0000000100000000)
  region size 1024K, 37 young (37888K), 11 survivors (11264K)
 Metaspace       used 58435K, capacity 60016K, committed 60160K, reserved 1101824K
  class space    used 7207K, capacity 7853K, committed 7936K, reserved 1048576K
}
Event: 36.928 GC heap after
{Heap after GC invocations=12 (full 0):
 garbage-first heap   total 157696K, used 24775K [0x0000000081600000, 0x0000000100000000)
  region size 1024K, 8 young (8192K), 8 survivors (8192K)
 Metaspace       used 58435K, capacity 60016K, committed 60160K, reserved 1101824K
  class space    used 7207K, capacity 7853K, committed 7936K, reserved 1048576K
}
Event: 1852.709 GC heap before
{Heap before GC invocations=13 (full 0):
 garbage-first heap   total 157696K, used 110791K [0x0000000081600000, 0x0000000100000000)
  region size 1024K, 92 young (94208K), 8 survivors (8192K)
 Metaspace       used 65880K, capacity 67610K, committed 67712K, reserved 1107968K
  class space    used 8033K, capacity 8766K, committed 8832K, reserved 1048576K
}
Event: 1852.830 GC heap after
{Heap after GC invocations=14 (full 0):
 garbage-first heap   total 157696K, used 27987K [0x0000000081600000, 0x0000000100000000)
  region size 1024K, 6 young (6144K), 6 survivors (6144K)
 Metaspace       used 65880K, capacity 67610K, committed 67712K, reserved 1107968K
  class space    used 8033K, capacity 8766K, committed 8832K, reserved 1048576K
}

