# JRE version: Java(TM) SE Runtime Environment 18.9 (11.0.16+11) (build 11.0.16+11-LTS-199)
# Java VM: Java HotSpot(TM) 64-Bit Server VM 18.9 (11.0.16+11-LTS-199, mixed mode, tiered, compressed oops, g1 gc, windows-amd64)
Heap:
 garbage-first heap   total 262144K, used 25478K [0x00000000e0000000, 0x0000000100000000)
  region size 1024K, 12 young (12288K), 5 survivors (5120K)
 Metaspace       used 27338K, capacity 27952K, committed 28288K, reserved 278528K
  class space    used 3629K, capacity 3877K, committed 3968K, reserved 253952K
GC Heap History (10 events):
Event: 5.386 GC heap before
{Heap before GC invocations=1 (full 0):
 garbage-first heap   total 262144K, used 20067K [0x00000000e0000000, 0x0000000100000000)
  region size 1024K, 14 young (14336K), 2 survivors (2048K)
 Metaspace       used 10168K, capacity 10419K, committed 10624K, reserved 264192K
  class space    used 1051K, capacity 1140K, committed 1152K, reserved 253952K
}
Event: 5.392 GC heap after
{Heap after GC invocations=2 (full 0):
 garbage-first heap   total 262144K, used 9510K [0x00000000e0000000, 0x0000000100000000)
  region size 1024K, 2 young (2048K), 2 survivors (2048K)
 Metaspace       used 10168K, capacity 10419K, committed 10624K, reserved 264192K
  class space    used 1051K, capacity 1140K, committed 1152K, reserved 253952K
}
Event: 9.962 GC heap before
{Heap before GC invocations=2 (full 0):
 garbage-first heap   total 262144K, used 52518K [0x00000000e0000000, 0x0000000100000000)
  region size 1024K, 43 young (44032K), 2 survivors (2048K)
 Metaspace       used 11492K, capacity 11747K, committed 11904K, reserved 266240K
  class space    used 1242K, capacity 1348K, committed 1408K, reserved 253952K
}
Event: 9.971 GC heap after
{Heap after GC invocations=3 (full 0):
 garbage-first heap   total 262144K, used 14618K [0x00000000e0000000, 0x0000000100000000)
  region size 1024K, 6 young (6144K), 6 survivors (6144K)
 Metaspace       used 11492K, capacity 11747K, committed 11904K, reserved 266240K
  class space    used 1242K, capacity 1348K, committed 1408K, reserved 253952K
}
Event: 16.442 GC heap before
{Heap before GC invocations=3 (full 0):
 garbage-first heap   total 262144K, used 65818K [0x00000000e0000000, 0x0000000100000000)
  region size 1024K, 56 young (57344K), 6 survivors (6144K)
 Metaspace       used 20215K, capacity 20677K, committed 20864K, reserved 272384K
  class space    used 2483K, capacity 2648K, committed 2688K, reserved 253952K
}
Event: 16.459 GC heap after
{Heap after GC invocations=4 (full 0):
 garbage-first heap   total 262144K, used 17158K [0x00000000e0000000, 0x0000000100000000)
  region size 1024K, 3 young (3072K), 3 survivors (3072K)
 Metaspace       used 20215K, capacity 20677K, committed 20864K, reserved 272384K
  class space    used 2483K, capacity 2648K, committed 2688K, reserved 253952K
}
Event: 16.686 GC heap before
{Heap before GC invocations=4 (full 0):
 garbage-first heap   total 262144K, used 22278K [0x00000000e0000000, 0x0000000100000000)
  region size 1024K, 9 young (9216K), 3 survivors (3072K)
 Metaspace       used 20777K, capacity 21149K, committed 21248K, reserved 272384K
  class space    used 2562K, capacity 2723K, committed 2816K, reserved 253952K
}
Event: 16.694 GC heap after
{Heap after GC invocations=5 (full 0):
 garbage-first heap   total 262144K, used 17404K [0x00000000e0000000, 0x0000000100000000)
  region size 1024K, 4 young (4096K), 4 survivors (4096K)
 Metaspace       used 20777K, capacity 21149K, committed 21248K, reserved 272384K
  class space    used 2562K, capacity 2723K, committed 2816K, reserved 253952K
}
Event: 19.976 GC heap before
{Heap before GC invocations=6 (full 0):
 garbage-first heap   total 262144K, used 76796K [0x00000000e0000000, 0x0000000100000000)
  region size 1024K, 62 young (63488K), 4 survivors (4096K)
 Metaspace       used 26996K, capacity 27626K, committed 27904K, reserved 278528K
  class space    used 3574K, capacity 3811K, committed 3840K, reserved 253952K
}
Event: 19.985 GC heap after
{Heap after GC invocations=7 (full 0):
 garbage-first heap   total 262144K, used 19334K [0x00000000e0000000, 0x0000000100000000)
  region size 1024K, 5 young (5120K), 5 survivors (5120K)
 Metaspace       used 26996K, capacity 27626K, committed 27904K, reserved 278528K
  class space    used 3574K, capacity 3811K, committed 3840K, reserved 253952K
}

